2018-05-28 22:44:11,449 [INFO] from application in play-dev-mode-akka.actor.default-dispatcher-4 - Creating Pool for datasource 'default'
2018-05-28 22:44:11,649 [INFO] from play.api.db.DefaultDBApi in play-dev-mode-akka.actor.default-dispatcher-4 - Database [default] connected at jdbc:h2:mem:play
2018-05-28 22:44:12,518 [ERROR] from application in play-dev-mode-akka.actor.default-dispatcher-4 - 

! @784kml8ck - Internal server error, for (GET) [/] ->
 
play.api.db.evolutions.InvalidDatabaseRevision: Database 'default' needs evolution![An SQL script need to be run on your database.]
	at play.api.db.evolutions.ApplicationEvolutions.$anonfun$runEvolutions$1(ApplicationEvolutions.scala:78)
	at play.api.db.evolutions.ApplicationEvolutions.withLock(ApplicationEvolutions.scala:100)
	at play.api.db.evolutions.ApplicationEvolutions.runEvolutions(ApplicationEvolutions.scala:49)
	at play.api.db.evolutions.ApplicationEvolutions.$anonfun$start$1(ApplicationEvolutions.scala:42)
	at play.api.db.evolutions.ApplicationEvolutions.$anonfun$start$1$adapted(ApplicationEvolutions.scala:42)
	at scala.collection.immutable.List.foreach(List.scala:389)
	at play.api.db.evolutions.ApplicationEvolutions.start(ApplicationEvolutions.scala:42)
	at play.api.db.evolutions.ApplicationEvolutions.<init>(ApplicationEvolutions.scala:151)
	at play.api.db.evolutions.ApplicationEvolutionsProvider.get$lzycompute(EvolutionsModule.scala:50)
	at play.api.db.evolutions.ApplicationEvolutionsProvider.get(EvolutionsModule.scala:49)
	at play.api.db.evolutions.ApplicationEvolutionsProvider.get(EvolutionsModule.scala:40)
	at com.google.inject.internal.ProviderInternalFactory.provision(ProviderInternalFactory.java:81)
	at com.google.inject.internal.BoundProviderFactory.provision(BoundProviderFactory.java:72)
	at com.google.inject.internal.ProviderInternalFactory.circularGet(ProviderInternalFactory.java:61)
	at com.google.inject.internal.BoundProviderFactory.get(BoundProviderFactory.java:62)
	at com.google.inject.internal.ProviderToInternalFactoryAdapter$1.call(ProviderToInternalFactoryAdapter.java:46)
	at com.google.inject.internal.InjectorImpl.callInContext(InjectorImpl.java:1092)
	at com.google.inject.internal.ProviderToInternalFactoryAdapter.get(ProviderToInternalFactoryAdapter.java:40)
	at com.google.inject.internal.SingletonScope$1.get(SingletonScope.java:194)
	at com.google.inject.internal.InternalFactoryToProviderAdapter.get(InternalFactoryToProviderAdapter.java:41)
	at com.google.inject.internal.InternalInjectorCreator$1.call(InternalInjectorCreator.java:205)
	at com.google.inject.internal.InternalInjectorCreator$1.call(InternalInjectorCreator.java:199)
	at com.google.inject.internal.InjectorImpl.callInContext(InjectorImpl.java:1085)
	at com.google.inject.internal.InternalInjectorCreator.loadEagerSingletons(InternalInjectorCreator.java:199)
	at com.google.inject.internal.InternalInjectorCreator.injectDynamically(InternalInjectorCreator.java:180)
	at com.google.inject.internal.InternalInjectorCreator.build(InternalInjectorCreator.java:110)
	at com.google.inject.Guice.createInjector(Guice.java:99)
	at com.google.inject.Guice.createInjector(Guice.java:84)
	at play.api.inject.guice.GuiceBuilder.injector(GuiceInjectorBuilder.scala:185)
	at play.api.inject.guice.GuiceApplicationBuilder.build(GuiceApplicationBuilder.scala:137)
	at play.api.inject.guice.GuiceApplicationLoader.load(GuiceApplicationLoader.scala:21)
	at play.core.server.DevServerStart$$anon$1.$anonfun$reload$3(DevServerStart.scala:174)
	at play.utils.Threads$.withContextClassLoader(Threads.scala:21)
	at play.core.server.DevServerStart$$anon$1.reload(DevServerStart.scala:171)
	at play.core.server.DevServerStart$$anon$1.get(DevServerStart.scala:124)
	at play.core.server.AkkaHttpServer.modelConversion(AkkaHttpServer.scala:184)
	at play.core.server.AkkaHttpServer.handleRequest(AkkaHttpServer.scala:190)
	at play.core.server.AkkaHttpServer.$anonfun$createServerBinding$1(AkkaHttpServer.scala:107)
	at akka.stream.impl.fusing.MapAsync$$anon$24.onPush(Ops.scala:1191)
	at akka.stream.impl.fusing.GraphInterpreter.processPush(GraphInterpreter.scala:512)
	at akka.stream.impl.fusing.GraphInterpreter.processEvent(GraphInterpreter.scala:475)
	at akka.stream.impl.fusing.GraphInterpreter.execute(GraphInterpreter.scala:371)
	at akka.stream.impl.fusing.GraphInterpreterShell.runBatch(ActorGraphInterpreter.scala:584)
	at akka.stream.impl.fusing.GraphInterpreterShell$AsyncInput.execute(ActorGraphInterpreter.scala:468)
	at akka.stream.impl.fusing.GraphInterpreterShell.processEvent(ActorGraphInterpreter.scala:559)
	at akka.stream.impl.fusing.ActorGraphInterpreter.akka$stream$impl$fusing$ActorGraphInterpreter$$processEvent(ActorGraphInterpreter.scala:741)
	at akka.stream.impl.fusing.ActorGraphInterpreter$$anonfun$receive$1.applyOrElse(ActorGraphInterpreter.scala:756)
	at akka.actor.Actor.aroundReceive(Actor.scala:517)
	at akka.actor.Actor.aroundReceive$(Actor.scala:515)
	at akka.stream.impl.fusing.ActorGraphInterpreter.aroundReceive(ActorGraphInterpreter.scala:666)
	at akka.actor.ActorCell.receiveMessage(ActorCell.scala:527)
	at akka.actor.ActorCell.invoke(ActorCell.scala:496)
	at akka.dispatch.Mailbox.processMailbox(Mailbox.scala:257)
	at akka.dispatch.Mailbox.run(Mailbox.scala:224)
	at akka.dispatch.Mailbox.exec(Mailbox.scala:234)
	at akka.dispatch.forkjoin.ForkJoinTask.doExec(ForkJoinTask.java:260)
	at akka.dispatch.forkjoin.ForkJoinPool$WorkQueue.runTask(ForkJoinPool.java:1339)
	at akka.dispatch.forkjoin.ForkJoinPool.runWorker(ForkJoinPool.java:1979)
	at akka.dispatch.forkjoin.ForkJoinWorkerThread.run(ForkJoinWorkerThread.java:107)
2018-05-28 22:44:23,252 [INFO] from application in play-dev-mode-akka.actor.default-dispatcher-8 - Shutting down connection pool.
2018-05-28 22:44:23,420 [INFO] from application in play-dev-mode-akka.actor.default-dispatcher-8 - Creating Pool for datasource 'default'
2018-05-28 22:44:23,423 [INFO] from play.api.db.DefaultDBApi in play-dev-mode-akka.actor.default-dispatcher-8 - Database [default] connected at jdbc:h2:mem:play
2018-05-28 22:44:24,038 [WARN] from org.hibernate.validator.messageinterpolation.ParameterMessageInterpolator in play-dev-mode-akka.actor.default-dispatcher-8 - HV000184: ParameterMessageInterpolator has been chosen, EL interpolation will not be supported
2018-05-28 22:44:24,140 [INFO] from application in play-dev-mode-akka.actor.default-dispatcher-8 - creating object ProductController
2018-05-28 22:44:24,149 [WARN] from application in play-dev-mode-akka.actor.default-dispatcher-8 - Using the following cache for assets configuration:
	 enabledCaching = false
	 enabledCacheControl = false
	 defaultCacheControl = public, max-age=3600
	 aggressiveCacheControl = public, max-age=31536000, immutable
	 configuredCacheControl:


2018-05-28 22:44:24,264 [INFO] from play.api.http.EnabledFilters in play-dev-mode-akka.actor.default-dispatcher-8 - Enabled Filters (see <https://www.playframework.com/documentation/latest/Filters>):

    play.filters.csrf.CSRFFilter
    play.filters.headers.SecurityHeadersFilter
    play.filters.hosts.AllowedHostsFilter

2018-05-28 22:44:24,270 [INFO] from play.api.Play in play-dev-mode-akka.actor.default-dispatcher-8 - Application started (Dev)
2018-05-28 22:44:30,792 [INFO] from application in application-akka.actor.default-dispatcher-4 - START: Executing action: Context attached to (GET /products)
2018-05-28 22:44:31,003 [INFO] from application in application-akka.actor.default-dispatcher-4 - END: Executing action: Context attached to (GET /products)
2018-05-28 22:44:39,283 [INFO] from application in application-akka.actor.default-dispatcher-4 - START: Executing action: Context attached to (GET /products/new)
2018-05-28 22:44:40,212 [INFO] from application in application-akka.actor.default-dispatcher-4 - END: Executing action: Context attached to (GET /products/new)
2018-05-28 22:44:47,832 [INFO] from application in application-akka.actor.default-dispatcher-8 - START: Starting transaction: Context attached to (POST /products)
2018-05-28 22:44:47,832 [INFO] from application in application-akka.actor.default-dispatcher-8 - START: Executing action: Context attached to (POST /products)
2018-05-28 22:44:48,161 [INFO] from application in application-akka.actor.default-dispatcher-8 - END: Executing action: Context attached to (POST /products)
2018-05-28 22:44:48,162 [INFO] from application in application-akka.actor.default-dispatcher-8 - END: Ending transaction: Context attached to (POST /products)
2018-05-28 22:44:48,296 [INFO] from application in application-akka.actor.default-dispatcher-8 - START: Executing action: Context attached to (GET /products)
2018-05-28 22:44:48,308 [INFO] from application in application-akka.actor.default-dispatcher-8 - END: Executing action: Context attached to (GET /products)
2018-05-28 22:47:07,472 [INFO] from application in application-akka.actor.default-dispatcher-8 - START: Executing action: Context attached to (GET /product/1)
2018-05-28 22:47:07,554 [INFO] from application in application-akka.actor.default-dispatcher-8 - END: Executing action: Context attached to (GET /product/1)
2018-05-28 22:53:18,231 [INFO] from application in application-akka.actor.default-dispatcher-15 - START: Starting transaction: Context attached to (POST /products)
2018-05-28 22:53:18,231 [INFO] from application in application-akka.actor.default-dispatcher-15 - START: Executing action: Context attached to (POST /products)
2018-05-28 22:53:18,300 [INFO] from application in application-akka.actor.default-dispatcher-15 - END: Executing action: Context attached to (POST /products)
2018-05-28 22:53:18,300 [INFO] from application in application-akka.actor.default-dispatcher-15 - END: Ending transaction: Context attached to (POST /products)
2018-05-28 22:53:18,366 [INFO] from application in application-akka.actor.default-dispatcher-15 - START: Executing action: Context attached to (GET /products)
2018-05-28 22:53:18,377 [INFO] from application in application-akka.actor.default-dispatcher-15 - END: Executing action: Context attached to (GET /products)
2018-05-29 05:00:11,665 [WARN] from com.zaxxer.hikari.pool.HikariPool in HikariPool-2 housekeeper - HikariPool-2 - Thread starvation or clock leap detected (housekeeper delta=6h16s441ms448탎44ns).
2018-05-29 09:28:49,457 [WARN] from com.zaxxer.hikari.pool.HikariPool in HikariPool-2 housekeeper - HikariPool-2 - Thread starvation or clock leap detected (housekeeper delta=4h28m35s626ms172탎151ns).
2018-05-29 22:19:25,963 [WARN] from com.zaxxer.hikari.pool.HikariPool in HikariPool-2 housekeeper - HikariPool-2 - Thread starvation or clock leap detected (housekeeper delta=6h26s498ms394탎664ns).
2018-05-30 10:14:23,508 [WARN] from com.zaxxer.hikari.pool.HikariPool in HikariPool-2 housekeeper - HikariPool-2 - Thread starvation or clock leap detected (housekeeper delta=11h54m51s769ms339탎773ns).
